<?xml version="1.0" encoding="UTF-8"?>
<testng-results skipped="0" failed="0" ignored="0" total="1" passed="1">
  <reporter-output>
  </reporter-output>
  <suite name="Suite" duration-ms="15843" started-at="2020-02-22T19:52:32Z" finished-at="2020-02-22T19:52:48Z">
    <groups>
    </groups>
    <test name="myfunrniture test" duration-ms="15843" started-at="2020-02-22T19:52:32Z" finished-at="2020-02-22T19:52:48Z">
      <class name="TestChrome.Loginpage">
        <test-method status="PASS" signature="setup(java.lang.String)[pri:0, instance:TestChrome.Loginpage@2038ae61]" name="setup" is-config="true" duration-ms="2688" started-at="2020-02-22T19:52:32Z" finished-at="2020-02-22T19:52:35Z">
          <params>
            <param index="0">
              <value>
                <![CDATA[chrome]]>
              </value>
            </param>
          </params>
          <reporter-output>
          </reporter-output>
        </test-method> <!-- setup -->
        <test-method status="PASS" signature="logintest()[pri:0, instance:TestChrome.Loginpage@2038ae61]" name="logintest" duration-ms="12420" started-at="2020-02-22T19:52:35Z" finished-at="2020-02-22T19:52:47Z">
          <reporter-output>
          </reporter-output>
        </test-method> <!-- logintest -->
        <test-method status="PASS" signature="tear()[pri:0, instance:TestChrome.Loginpage@2038ae61]" name="tear" is-config="true" duration-ms="703" started-at="2020-02-22T19:52:47Z" finished-at="2020-02-22T19:52:48Z">
          <reporter-output>
          </reporter-output>
        </test-method> <!-- tear -->
      </class> <!-- TestChrome.Loginpage -->
    </test> <!-- myfunrniture test -->
  </suite> <!-- Suite -->
</testng-results>
